<?xml version="1.0" encoding="utf-8"?><testsuites name="pytest tests"><testsuite name="pytest" errors="0" failures="0" skipped="0" tests="10" time="1.356" timestamp="2026-06-29T17:18:36.958801+00:00" hostname="agent-env-c88dd4da-0697-46ce-b5b0-369b2bac0c1b"><testcase classname="tests.backend_test.TestReviews" name="test_list_reviews_has_seeds" time="0.140" /><testcase classname="tests.backend_test.TestEnquiries" name="test_create_and_list_enquiry" time="0.225" /><testcase classname="tests.backend_test.TestReviews" name="test_review_stats" time="0.096" /><testcase classname="tests.backend_test.TestEnquiries" name="test_create_enquiry_missing_required" time="0.051" /><testcase classname="tests.backend_test.TestReviews" name="test_create_review_and_persistence" time="0.139" /><testcase classname="tests.backend_test.TestNewsletter" name="test_newsletter_subscribe_and_duplicate" time="0.145" /><testcase classname="tests.backend_test.TestReviews" name="test_create_review_invalid_rating_low" time="0.090" /><testcase classname="tests.backend_test.TestNewsletter" name="test_newsletter_invalid_email" time="0.223" /><testcase classname="tests.backend_test.TestReviews" name="test_create_review_invalid_rating_high" time="0.050" /><testcase classname="tests.backend_test.TestRoot" name="test_root_message" time="0.058" /></testsuite></testsuites>